[debug] [2022-12-29T10:48:14.742Z] ----------------------------------------------------------------------
[debug] [2022-12-29T10:48:14.748Z] Command:       C:\Program Files\nodejs\node.exe C:\Users\MODI\AppData\Roaming\npm\node_modules\firebase-tools\lib\bin\firebase.js login
[debug] [2022-12-29T10:48:14.749Z] CLI Version:   11.19.0
[debug] [2022-12-29T10:48:14.750Z] Platform:      win32
[debug] [2022-12-29T10:48:14.750Z] Node Version:  v18.12.1
[debug] [2022-12-29T10:48:14.752Z] Time:          Thu Dec 29 2022 16:18:14 GMT+0530 (India Standard Time)
[debug] [2022-12-29T10:48:14.752Z] ----------------------------------------------------------------------
[debug] 
[debug] [2022-12-29T10:48:14.899Z] >>> [apiv2][query] GET https://firebase-public.firebaseio.com/cli.json [none]
[info] Already logged in as maha122bhola@gmail.com
[debug] [2022-12-29T10:48:16.190Z] <<< [apiv2][status] GET https://firebase-public.firebaseio.com/cli.json 200
[debug] [2022-12-29T10:48:16.191Z] <<< [apiv2][body] GET https://firebase-public.firebaseio.com/cli.json {"cloudBuildErrorAfter":1594252800000,"cloudBuildWarnAfter":1590019200000,"defaultNode10After":1594252800000,"minVersion":"3.0.5","node8DeploysDisabledAfter":1613390400000,"node8RuntimeDisabledAfter":1615809600000,"node8WarnAfter":1600128000000}
[debug] [2022-12-29T10:48:25.093Z] Error: Timed out.
    at Timeout._onTimeout (C:\Users\MODI\AppData\Roaming\npm\node_modules\firebase-tools\lib\utils.js:253:49)
    at listOnTimeout (node:internal/timers:564:17)
    at process.processTimers (node:internal/timers:507:7)
[error] 
[error] Error: An unexpected error has occurred.
[debug] [2022-12-29T10:49:16.898Z] ----------------------------------------------------------------------
[debug] [2022-12-29T10:49:16.902Z] Command:       C:\Program Files\nodejs\node.exe C:\Users\MODI\AppData\Roaming\npm\node_modules\firebase-tools\lib\bin\firebase.js init
[debug] [2022-12-29T10:49:16.903Z] CLI Version:   11.19.0
[debug] [2022-12-29T10:49:16.903Z] Platform:      win32
[debug] [2022-12-29T10:49:16.904Z] Node Version:  v18.12.1
[debug] [2022-12-29T10:49:16.905Z] Time:          Thu Dec 29 2022 16:19:16 GMT+0530 (India Standard Time)
[debug] [2022-12-29T10:49:16.905Z] ----------------------------------------------------------------------
[debug] 
[debug] [2022-12-29T10:49:16.919Z] > command requires scopes: ["email","openid","https://www.googleapis.com/auth/cloudplatformprojects.readonly","https://www.googleapis.com/auth/firebase","https://www.googleapis.com/auth/cloud-platform"]
[debug] [2022-12-29T10:49:16.920Z] > authorizing via signed-in user (maha122bhola@gmail.com)
[info] 
     ######## #### ########  ######## ########     ###     ######  ########
     ##        ##  ##     ## ##       ##     ##  ##   ##  ##       ##
     ######    ##  ########  ######   ########  #########  ######  ######
     ##        ##  ##    ##  ##       ##     ## ##     ##       ## ##
     ##       #### ##     ## ######## ########  ##     ##  ######  ########

You're about to initialize a Firebase project in this directory:

  C:\Users\MODI\Music\CalculatorApp

[info] 
=== Project Setup
[info] 
[info] First, let's associate this project directory with a Firebase project.
[info] You can create multiple project aliases by running firebase use --add, 
[info] but for now we'll just set up a default project.
[info] 
[debug] [2022-12-29T10:50:21.603Z] > refreshing access token with scopes: []
[debug] [2022-12-29T10:50:21.607Z] >>> [apiv2][query] POST https://www.googleapis.com/oauth2/v3/token [none]
[debug] [2022-12-29T10:50:21.607Z] >>> [apiv2][body] POST https://www.googleapis.com/oauth2/v3/token [omitted]
[debug] [2022-12-29T10:50:22.270Z] <<< [apiv2][status] POST https://www.googleapis.com/oauth2/v3/token 200
[debug] [2022-12-29T10:50:22.271Z] <<< [apiv2][body] POST https://www.googleapis.com/oauth2/v3/token [omitted]
[debug] [2022-12-29T10:50:22.487Z] >>> [apiv2][query] GET https://firebase.googleapis.com/v1beta1/projects pageSize=100
[debug] [2022-12-29T10:50:23.582Z] <<< [apiv2][status] GET https://firebase.googleapis.com/v1beta1/projects 200
[debug] [2022-12-29T10:50:23.583Z] <<< [apiv2][body] GET https://firebase.googleapis.com/v1beta1/projects [omitted]
[info] i  Using project online-calculator-64194 (Online Calculator) 
[info] 
=== Hosting Setup
[info] 
[info] Your public directory is the folder (relative to your project directory) that
[info] will contain Hosting assets to be uploaded with firebase deploy. If you
[info] have a build process for your assets, use your build's output directory.
[info] 
